<?xml version="1.0" encoding="UTF-8"?>
<robot generator="Robot 7.4 (Python 3.11.9 on win32)" generated="2025-12-12T14:00:25.960199" rpa="false" schemaversion="5">
<suite id="s1" name="Carrinhos" source="c:\Workspace\robotcourses-api\tests\Carrinhos\carrinhos.robot">
<test id="s1-t1" name="Cenário: Criar Carrinho Com Mais de Um Item" line="19">
<kw name="Run Keywords" owner="BuiltIn" type="SETUP">
<kw name="Create ServeRest Session" owner="session">
<kw name="Create Session" owner="RequestsLibrary">
<msg time="2025-12-12T14:00:26.281340" level="INFO">Creating Session using : alias=serve_rest, url=https://serverest.dev, headers={},                     cookies={}, auth=None, timeout=None, proxies=None, verify=False,                     debug=0 </msg>
<arg>alias=${serve_rest.alias}</arg>
<arg>url=${serve_rest.${ENVIRONMENT}.url}</arg>
<arg>disable_warnings=${True}</arg>
<doc>Create Session: create a HTTP session to a server</doc>
<status status="PASS" start="2025-12-12T14:00:26.281340" elapsed="0.002084"/>
</kw>
<status status="PASS" start="2025-12-12T14:00:26.281340" elapsed="0.003083"/>
</kw>
<kw name="POST Login" owner="post_login">
<kw name="Contract Post Login" owner="contracts">
<msg time="2025-12-12T14:00:26.284423" level="INFO">${body} = {'email': 'vinicius.trindade@teste.com.br', 'password': '123@teste'}</msg>
<var>${body}</var>
<arg>${login_email}</arg>
<arg>${login_password}</arg>
<status status="PASS" start="2025-12-12T14:00:26.284423" elapsed="0.000999"/>
</kw>
<kw name="POST On Session" owner="RequestsLibrary">
<msg time="2025-12-12T14:00:26.672841" level="INFO">POST Request : url=https://serverest.dev/login 
 path_url=/login 
 headers={'User-Agent': 'python-requests/2.32.4', 'Accept-Encoding': 'gzip, deflate', 'Accept': '*/*', 'Connection': 'keep-alive', 'Content-Length': '68', 'Content-Type': 'application/json'} 
 body=b'{"email": "vinicius.trindade@teste.com.br", "password": "123@teste"}' 
 </msg>
<msg time="2025-12-12T14:00:26.673836" level="INFO">POST Response : url=https://serverest.dev/login 
 status=200, reason=OK 
 headers={'access-control-allow-origin': '*', 'x-dns-prefetch-control': 'off', 'x-frame-options': 'SAMEORIGIN', 'strict-transport-security': 'max-age=15552000; includeSubDomains', 'x-download-options': 'noopen', 'x-content-type-options': 'nosniff', 'x-xss-protection': '1; mode=block', 'content-type': 'application/json; charset=utf-8', 'x-cloud-trace-context': 'ca1222f5700fafdda49856be06a050e6;o=1', 'date': 'Fri, 12 Dec 2025 16:58:09 GMT', 'server': 'Google Frontend', 'Content-Length': '293'} 
 body={
    "message": "Login realizado com sucesso",
    "authorization": "Bearer eyJhbGciOiJIUzI1NiIsInR5cCI6IkpXVCJ9.eyJlbWFpbCI6InZpbmljaXVzLnRyaW5kYWRlQHRlc3RlLmNvbS5iciIsInBhc3N3b3JkIjoiMTIzQHRlc3RlIiwiaWF0IjoxNzY1NTU4Njg5LCJleHAiOjE3NjU1NTkyODl9.OAFXFAnYHz23L6X4HR_olWGdrjDsNp6dn8Ph-gzg_UY"
} 
 </msg>
<msg time="2025-12-12T14:00:26.673836" level="INFO">${response} = &lt;Response [200]&gt;</msg>
<var>${response}</var>
<arg>alias=${serve_rest.alias}</arg>
<arg>url=/login</arg>
<arg>json=${body}</arg>
<arg>expected_status=${expected_status}</arg>
<doc>Sends a POST request on a previously created HTTP Session.</doc>
<status status="PASS" start="2025-12-12T14:00:26.285422" elapsed="0.388414"/>
</kw>
<if>
<branch type="IF" condition="${response.status_code} == ${200}">
<kw name="Create Dictionary" owner="BuiltIn">
<msg time="2025-12-12T14:00:26.674836" level="INFO">${header} = {'Authorization': 'Bearer eyJhbGciOiJIUzI1NiIsInR5cCI6IkpXVCJ9.eyJlbWFpbCI6InZpbmljaXVzLnRyaW5kYWRlQHRlc3RlLmNvbS5iciIsInBhc3N3b3JkIjoiMTIzQHRlc3RlIiwiaWF0IjoxNzY1NTU4Njg5LCJleHAiOjE3NjU1NTkyODl9.OAFX...</msg>
<var>${header}</var>
<arg>Authorization=${response.json()['authorization']}</arg>
<doc>Creates and returns a dictionary based on the given ``items``.</doc>
<status status="PASS" start="2025-12-12T14:00:26.674836" elapsed="0.000000"/>
</kw>
<kw name="Update Session" owner="RequestsLibrary">
<arg>${serve_rest.alias}</arg>
<arg>headers=${header}</arg>
<doc>Updates HTTP Session Headers and Cookies.</doc>
<status status="PASS" start="2025-12-12T14:00:26.674836" elapsed="0.000999"/>
</kw>
<status status="PASS" start="2025-12-12T14:00:26.673836" elapsed="0.001999"/>
</branch>
<status status="PASS" start="2025-12-12T14:00:26.673836" elapsed="0.001999"/>
</if>
<return>
<value>${response}</value>
<status status="PASS" start="2025-12-12T14:00:26.675835" elapsed="0.000000"/>
</return>
<status status="PASS" start="2025-12-12T14:00:26.284423" elapsed="0.391412"/>
</kw>
<arg>Create ServeRest Session</arg>
<arg>POST Login</arg>
<doc>Executes all the given keywords in a sequence.</doc>
<status status="PASS" start="2025-12-12T14:00:26.280340" elapsed="0.395495"/>
</kw>
<kw name="Create List" owner="BuiltIn">
<msg time="2025-12-12T14:00:26.676841" level="INFO">@{id_produto} = [ BeeJh5lz3k6kSIzA | jsabjsfajbksakjb ]</msg>
<var>@{id_produto}</var>
<arg>BeeJh5lz3k6kSIzA</arg>
<arg>jsabjsfajbksakjb</arg>
<doc>Returns a list containing given items.</doc>
<status status="PASS" start="2025-12-12T14:00:26.676841" elapsed="0.000996"/>
</kw>
<kw name="Create List" owner="BuiltIn">
<msg time="2025-12-12T14:00:26.677837" level="INFO">@{quantidade} = [ 3 | 5 ]</msg>
<var>@{quantidade}</var>
<arg>3</arg>
<arg>5</arg>
<doc>Returns a list containing given items.</doc>
<status status="PASS" start="2025-12-12T14:00:26.677837" elapsed="0.001000"/>
</kw>
<kw name="POST Carrinhos" owner="post_carrinhos">
<kw name="Contract Post Carrinhos" owner="contracts">
<msg time="2025-12-12T14:00:26.678837" level="INFO">${body} = {'produtos': [{'idProduto': 'BeeJh5lz3k6kSIzA', 'quantidade': '3'}, {'idProduto': 'jsabjsfajbksakjb', 'quantidade': '5'}]}</msg>
<var>${body}</var>
<arg>id_produto=${id_produto}</arg>
<arg>quantidade=${quantidade}</arg>
<status status="PASS" start="2025-12-12T14:00:26.678837" elapsed="0.001001"/>
</kw>
<kw name="POST On Session" owner="RequestsLibrary">
<msg time="2025-12-12T14:00:26.842995" level="INFO">POST Request : url=https://serverest.dev/carrinhos 
 path_url=/carrinhos 
 headers={'User-Agent': 'python-requests/2.32.4', 'Accept-Encoding': 'gzip, deflate', 'Accept': '*/*', 'Connection': 'keep-alive', 'Authorization': 'Bearer eyJhbGciOiJIUzI1NiIsInR5cCI6IkpXVCJ9.eyJlbWFpbCI6InZpbmljaXVzLnRyaW5kYWRlQHRlc3RlLmNvbS5iciIsInBhc3N3b3JkIjoiMTIzQHRlc3RlIiwiaWF0IjoxNzY1NTU4Njg5LCJleHAiOjE3NjU1NTkyODl9.OAFXFAnYHz23L6X4HR_olWGdrjDsNp6dn8Ph-gzg_UY', 'Content-Length': '122', 'Content-Type': 'application/json'} 
 body=b'{"produtos": [{"idProduto": "BeeJh5lz3k6kSIzA", "quantidade": "3"}, {"idProduto": "jsabjsfajbksakjb", "quantidade": "5"}]}' 
 </msg>
<msg time="2025-12-12T14:00:26.842995" level="INFO">POST Response : url=https://serverest.dev/carrinhos 
 status=400, reason=Bad Request 
 headers={'access-control-allow-origin': '*', 'x-dns-prefetch-control': 'off', 'x-frame-options': 'SAMEORIGIN', 'strict-transport-security': 'max-age=15552000; includeSubDomains', 'x-download-options': 'noopen', 'x-content-type-options': 'nosniff', 'x-xss-protection': '1; mode=block', 'content-type': 'application/json; charset=utf-8', 'x-cloud-trace-context': 'f9e39df4ddc4fc82a49856be06a05955', 'date': 'Fri, 12 Dec 2025 16:58:09 GMT', 'server': 'Google Frontend', 'Content-Length': '61'} 
 body={
    "message": "Não é permitido ter mais de 1 carrinho"
} 
 </msg>
<msg time="2025-12-12T14:00:26.844002" level="FAIL">Url: https://serverest.dev/carrinhos Expected status: 400 != 201</msg>
<var>${response}</var>
<arg>alias=${serve_rest.alias}</arg>
<arg>url=/carrinhos</arg>
<arg>json=${body}</arg>
<arg>expected_status=${expected_status}</arg>
<doc>Sends a POST request on a previously created HTTP Session.</doc>
<status status="FAIL" start="2025-12-12T14:00:26.679838" elapsed="0.166168">Url: https://serverest.dev/carrinhos Expected status: 400 != 201</status>
</kw>
<return>
<value>${response}</value>
<status status="NOT RUN" start="2025-12-12T14:00:26.846006" elapsed="0.000000"/>
</return>
<var>${response}</var>
<arg>id_produto=${id_produto}</arg>
<arg>quantidade=${quantidade}</arg>
<status status="FAIL" start="2025-12-12T14:00:26.678837" elapsed="0.167169">Url: https://serverest.dev/carrinhos Expected status: 400 != 201</status>
</kw>
<status status="FAIL" start="2025-12-12T14:00:26.264830" elapsed="0.582174">Url: https://serverest.dev/carrinhos Expected status: 400 != 201</status>
</test>
<status status="FAIL" start="2025-12-12T14:00:25.965727" elapsed="0.881277"/>
</suite>
<statistics>
<total>
<stat pass="0" fail="1" skip="0">All Tests</stat>
</total>
<tag>
</tag>
<suite>
<stat name="Carrinhos" id="s1" pass="0" fail="1" skip="0">Carrinhos</stat>
</suite>
</statistics>
<errors>
</errors>
</robot>
